A5    I  -0.052
A6    T  -0.185
A8    Q  -0.341
A9    E   2.728
A10   I  -0.502
A12   K  -0.130
A13   T  -0.559
A53   R   0.872
A56   Y  -0.934
A57   S  -1.709
A78   Q  -0.965
A81   R  -0.572
A82   F  -0.298
A85   R   1.679
A87   D  -0.580
A88   R   1.418
A89   N   0.863
A91   W  -0.387
B13   Y  -0.142
B39   L  -0.908
B41   F   0.021
B42   L  -1.519
B43   L  -1.076
B66   D  -1.223
B67   D   0.279
B68   V   0.026
B69   V   1.106
B70   S   0.525
B72   D   0.585
B93   S  -0.619
B125  D  -0.236
B126  N  -0.419
B127  Y   1.567
B130  N  -1.500
B131  H  -1.008
B183  Y   0.098
